<?xml version="1.0" encoding="UTF-8"?>
<!-- Generated by org.testng.reporters.JUnitReportReporter -->
<testsuite hostname="Praise-Joseph" failures="0" tests="5" name="testPages.SeatSelectionTest" time="426.571" errors="0" timestamp="2023-10-04T16:46:40 BST" skipped="0">
  <testcase classname="testPages.SeatSelectionTest" name="selectFlightTest" time="64.058"/>
  <system-out/>
  <testcase classname="testPages.SeatSelectionTest" name="passengersCountIncrementTest" time="89.437"/>
  <system-out/>
  <testcase classname="testPages.SeatSelectionTest" name="checkTheTypeOfSeatBookedTest" time="125.606"/>
  <system-out/>
  <testcase classname="testPages.SeatSelectionTest" name="userTriesToEnterTheAdultDetailsTest" time="70.126"/>
  <system-out/>
  <testcase classname="testPages.SeatSelectionTest" name="userTriesToEnterTheContactDetailsTest" time="77.344"/>
  <system-out/>
</testsuite> <!-- testPages.SeatSelectionTest -->
