<?xml version="1.0" encoding="UTF-8"?>
<!-- Generated by org.testng.reporters.JUnitReportReporter -->
<testsuite hostname="Praise-Joseph" failures="0" tests="3" name="testPages.FilterTest" time="304.990" errors="0" timestamp="2023-10-04T16:46:40 BST" skipped="0">
  <testcase classname="testPages.FilterTest" name="priceSortTest" time="117.325"/>
  <system-out/>
  <testcase classname="testPages.FilterTest" name="flightHoursTest" time="95.212"/>
  <system-out/>
  <testcase classname="testPages.FilterTest" name="flightStopTest" time="92.453"/>
  <system-out/>
</testsuite> <!-- testPages.FilterTest -->
